[Thu Nov 19 19:44:31.193603 2020] [ssl:warn] [pid 10344:tid 568] AH01909: www.example.com:443:0 server certificate does NOT include an ID which matches the server name
[Thu Nov 19 19:44:31.296300 2020] [ssl:warn] [pid 10344:tid 568] AH01909: www.example.com:443:0 server certificate does NOT include an ID which matches the server name
[Thu Nov 19 19:44:31.456871 2020] [mpm_winnt:notice] [pid 10344:tid 568] AH00455: Apache/2.4.46 (Win64) OpenSSL/1.1.1h PHP/7.4.12 configured -- resuming normal operations
[Thu Nov 19 19:44:31.456871 2020] [mpm_winnt:notice] [pid 10344:tid 568] AH00456: Apache Lounge VC15 Server built: Oct  3 2020 12:58:33
[Thu Nov 19 19:44:31.456871 2020] [core:notice] [pid 10344:tid 568] AH00094: Command line: 'C:\\xampp\\apache\\bin\\httpd.exe -d C:/xampp/apache'
[Thu Nov 19 19:44:31.464849 2020] [mpm_winnt:notice] [pid 10344:tid 568] AH00418: Parent: Created child process 4092
[Thu Nov 19 19:44:32.492615 2020] [ssl:warn] [pid 4092:tid 596] AH01909: www.example.com:443:0 server certificate does NOT include an ID which matches the server name
[Thu Nov 19 19:44:32.583372 2020] [ssl:warn] [pid 4092:tid 596] AH01909: www.example.com:443:0 server certificate does NOT include an ID which matches the server name
[Thu Nov 19 19:44:32.643213 2020] [mpm_winnt:notice] [pid 4092:tid 596] AH00354: Child: Starting 150 worker threads.
[Thu Nov 19 19:49:54.635876 2020] [ssl:warn] [pid 2748:tid 608] AH01909: www.example.com:443:0 server certificate does NOT include an ID which matches the server name
[Thu Nov 19 19:49:54.701418 2020] [ssl:warn] [pid 2748:tid 608] AH01909: www.example.com:443:0 server certificate does NOT include an ID which matches the server name
[Thu Nov 19 19:49:54.734331 2020] [mpm_winnt:notice] [pid 2748:tid 608] AH00455: Apache/2.4.46 (Win64) OpenSSL/1.1.1h PHP/7.4.12 configured -- resuming normal operations
[Thu Nov 19 19:49:54.734331 2020] [mpm_winnt:notice] [pid 2748:tid 608] AH00456: Apache Lounge VC15 Server built: Oct  3 2020 12:58:33
[Thu Nov 19 19:49:54.734331 2020] [core:notice] [pid 2748:tid 608] AH00094: Command line: 'c:\\xampp\\apache\\bin\\httpd.exe -d C:/xampp/apache'
[Thu Nov 19 19:49:54.737322 2020] [mpm_winnt:notice] [pid 2748:tid 608] AH00418: Parent: Created child process 14596
[Thu Nov 19 19:49:55.348688 2020] [ssl:warn] [pid 14596:tid 604] AH01909: www.example.com:443:0 server certificate does NOT include an ID which matches the server name
[Thu Nov 19 19:49:55.398553 2020] [ssl:warn] [pid 14596:tid 604] AH01909: www.example.com:443:0 server certificate does NOT include an ID which matches the server name
[Thu Nov 19 19:49:55.427475 2020] [mpm_winnt:notice] [pid 14596:tid 604] AH00354: Child: Starting 150 worker threads.
[Thu Nov 19 19:50:11.337237 2020] [php7:error] [pid 14596:tid 1804] [client 127.0.0.1:64734] PHP Fatal error:  Uncaught Error: Call to undefined function ssh2_connect() in C:\\xampp\\htdocs\\ssh.php:3\nStack trace:\n#0 {main}\n  thrown in C:\\xampp\\htdocs\\ssh.php on line 3
[Thu Nov 19 19:54:16.942564 2020] [ssl:warn] [pid 576:tid 572] AH01909: www.example.com:443:0 server certificate does NOT include an ID which matches the server name
[Thu Nov 19 19:54:17.001409 2020] [core:warn] [pid 576:tid 572] AH00098: pid file C:/xampp/apache/logs/httpd.pid overwritten -- Unclean shutdown of previous Apache run?
[Thu Nov 19 19:54:17.007389 2020] [ssl:warn] [pid 576:tid 572] AH01909: www.example.com:443:0 server certificate does NOT include an ID which matches the server name
PHP Warning:  PHP Startup: Unable to load dynamic library 'ssh2' (tried: C:\\xampp\\php\\ext\\ssh2 (Das angegebene Modul wurde nicht gefunden.), C:\\xampp\\php\\ext\\php_ssh2.dll (Das angegebene Modul wurde nicht gefunden.)) in Unknown on line 0
[Thu Nov 19 19:54:17.066232 2020] [mpm_winnt:notice] [pid 576:tid 572] AH00455: Apache/2.4.46 (Win64) OpenSSL/1.1.1h PHP/7.4.12 configured -- resuming normal operations
[Thu Nov 19 19:54:17.066232 2020] [mpm_winnt:notice] [pid 576:tid 572] AH00456: Apache Lounge VC15 Server built: Oct  3 2020 12:58:33
[Thu Nov 19 19:54:17.066232 2020] [core:notice] [pid 576:tid 572] AH00094: Command line: 'c:\\xampp\\apache\\bin\\httpd.exe -d C:/xampp/apache'
[Thu Nov 19 19:54:17.070221 2020] [mpm_winnt:notice] [pid 576:tid 572] AH00418: Parent: Created child process 10308
[Thu Nov 19 19:54:17.526004 2020] [ssl:warn] [pid 10308:tid 580] AH01909: www.example.com:443:0 server certificate does NOT include an ID which matches the server name
[Thu Nov 19 19:54:17.584878 2020] [ssl:warn] [pid 10308:tid 580] AH01909: www.example.com:443:0 server certificate does NOT include an ID which matches the server name
PHP Warning:  PHP Startup: Unable to load dynamic library 'ssh2' (tried: C:\\xampp\\php\\ext\\ssh2 (Das angegebene Modul wurde nicht gefunden.), C:\\xampp\\php\\ext\\php_ssh2.dll (Das angegebene Modul wurde nicht gefunden.)) in Unknown on line 0
[Thu Nov 19 19:54:17.621782 2020] [mpm_winnt:notice] [pid 10308:tid 580] AH00354: Child: Starting 150 worker threads.
[Thu Nov 19 19:54:23.929521 2020] [php7:error] [pid 10308:tid 1856] [client 127.0.0.1:64780] PHP Fatal error:  Uncaught Error: Call to undefined function ssh2_connect() in C:\\xampp\\htdocs\\ssh.php:3\nStack trace:\n#0 {main}\n  thrown in C:\\xampp\\htdocs\\ssh.php on line 3
[Thu Nov 19 20:01:19.709810 2020] [ssl:warn] [pid 3320:tid 284] AH01909: www.example.com:443:0 server certificate does NOT include an ID which matches the server name
[Thu Nov 19 20:01:19.774296 2020] [core:warn] [pid 3320:tid 284] AH00098: pid file C:/xampp/apache/logs/httpd.pid overwritten -- Unclean shutdown of previous Apache run?
[Thu Nov 19 20:01:19.780271 2020] [ssl:warn] [pid 3320:tid 284] AH01909: www.example.com:443:0 server certificate does NOT include an ID which matches the server name
PHP Warning:  PHP Startup: Unable to load dynamic library 'ssh2' (tried: C:\\xampp\\php\\ext\\ssh2 (Das angegebene Modul wurde nicht gefunden.), C:\\xampp\\php\\ext\\php_ssh2.dll (Das angegebene Modul wurde nicht gefunden.)) in Unknown on line 0
[Thu Nov 19 20:01:19.816171 2020] [mpm_winnt:notice] [pid 3320:tid 284] AH00455: Apache/2.4.46 (Win64) OpenSSL/1.1.1h PHP/7.4.12 configured -- resuming normal operations
[Thu Nov 19 20:01:19.816171 2020] [mpm_winnt:notice] [pid 3320:tid 284] AH00456: Apache Lounge VC15 Server built: Oct  3 2020 12:58:33
[Thu Nov 19 20:01:19.816171 2020] [core:notice] [pid 3320:tid 284] AH00094: Command line: 'c:\\xampp\\apache\\bin\\httpd.exe -d C:/xampp/apache'
[Thu Nov 19 20:01:19.820160 2020] [mpm_winnt:notice] [pid 3320:tid 284] AH00418: Parent: Created child process 6244
[Thu Nov 19 20:01:20.417482 2020] [ssl:warn] [pid 6244:tid 576] AH01909: www.example.com:443:0 server certificate does NOT include an ID which matches the server name
[Thu Nov 19 20:01:20.474346 2020] [ssl:warn] [pid 6244:tid 576] AH01909: www.example.com:443:0 server certificate does NOT include an ID which matches the server name
PHP Warning:  PHP Startup: Unable to load dynamic library 'ssh2' (tried: C:\\xampp\\php\\ext\\ssh2 (Das angegebene Modul wurde nicht gefunden.), C:\\xampp\\php\\ext\\php_ssh2.dll (Das angegebene Modul wurde nicht gefunden.)) in Unknown on line 0
[Thu Nov 19 20:01:20.510232 2020] [mpm_winnt:notice] [pid 6244:tid 576] AH00354: Child: Starting 150 worker threads.
